<?xml version="1.0" encoding="UTF-8"?>
<testsuite name="gnu.trove.map.hash.THashMapTest" time="0.031" tests="53" errors="0" skipped="0" failures="0">
  <properties>
    <property name="java.runtime.name" value="Java(TM) SE Runtime Environment"/>
    <property name="sun.boot.library.path" value="/Library/Java/JavaVirtualMachines/jdk1.7.0_45.jdk/Contents/Home/jre/lib"/>
    <property name="java.vm.version" value="24.45-b08"/>
    <property name="user.country.format" value="DE"/>
    <property name="gopherProxySet" value="false"/>
    <property name="java.vm.vendor" value="Oracle Corporation"/>
    <property name="java.vendor.url" value="http://java.oracle.com/"/>
    <property name="path.separator" value=":"/>
    <property name="guice.disable.misplaced.annotation.check" value="true"/>
    <property name="java.vm.name" value="Java HotSpot(TM) 64-Bit Server VM"/>
    <property name="file.encoding.pkg" value="sun.io"/>
    <property name="user.country" value="US"/>
    <property name="sun.java.launcher" value="SUN_STANDARD"/>
    <property name="sun.os.patch.level" value="unknown"/>
    <property name="java.vm.specification.name" value="Java Virtual Machine Specification"/>
    <property name="user.dir" value="/Users/bt230530/Desktop/GH/graphhopper-ios/trove"/>
    <property name="java.runtime.version" value="1.7.0_45-b18"/>
    <property name="java.awt.graphicsenv" value="sun.awt.CGraphicsEnvironment"/>
    <property name="java.endorsed.dirs" value="/Library/Java/JavaVirtualMachines/jdk1.7.0_45.jdk/Contents/Home/jre/lib/endorsed"/>
    <property name="os.arch" value="x86_64"/>
    <property name="java.io.tmpdir" value="/var/folders/nw/dtqzqn5s7_1gcw93fj7qhj_h0000gn/T/"/>
    <property name="line.separator" value="&#10;"/>
    <property name="java.vm.specification.vendor" value="Oracle Corporation"/>
    <property name="os.name" value="Mac OS X"/>
    <property name="classworlds.conf" value="/usr/local/Cellar/maven/3.1.1/libexec/bin/m2.conf"/>
    <property name="sun.jnu.encoding" value="UTF-8"/>
    <property name="java.library.path" value="/Users/bt230530/Library/Java/Extensions:/Library/Java/Extensions:/Network/Library/Java/Extensions:/System/Library/Java/Extensions:/usr/lib/java:."/>
    <property name="java.specification.name" value="Java Platform API Specification"/>
    <property name="java.class.version" value="51.0"/>
    <property name="sun.management.compiler" value="HotSpot 64-Bit Tiered Compilers"/>
    <property name="os.version" value="10.9"/>
    <property name="http.nonProxyHosts" value="local|*.local|169.254/16|*.169.254/16"/>
    <property name="user.home" value="/Users/bt230530"/>
    <property name="user.timezone" value="Europe/Berlin"/>
    <property name="java.awt.printerjob" value="sun.lwawt.macosx.CPrinterJob"/>
    <property name="java.specification.version" value="1.7"/>
    <property name="file.encoding" value="UTF-8"/>
    <property name="user.name" value="bt230530"/>
    <property name="java.class.path" value="/usr/local/Cellar/maven/3.1.1/libexec/boot/plexus-classworlds-2.5.1.jar"/>
    <property name="org.slf4j.simpleLogger.defaultLogLevel" value="info"/>
    <property name="java.vm.specification.version" value="1.7"/>
    <property name="sun.arch.data.model" value="64"/>
    <property name="java.home" value="/Library/Java/JavaVirtualMachines/jdk1.7.0_45.jdk/Contents/Home/jre"/>
    <property name="sun.java.command" value="org.codehaus.plexus.classworlds.launcher.Launcher package"/>
    <property name="java.specification.vendor" value="Oracle Corporation"/>
    <property name="user.language" value="en"/>
    <property name="awt.toolkit" value="sun.lwawt.macosx.LWCToolkit"/>
    <property name="java.vm.info" value="mixed mode"/>
    <property name="java.version" value="1.7.0_45"/>
    <property name="java.ext.dirs" value="/Users/bt230530/Library/Java/Extensions:/Library/Java/JavaVirtualMachines/jdk1.7.0_45.jdk/Contents/Home/jre/lib/ext:/Library/Java/Extensions:/Network/Library/Java/Extensions:/System/Library/Java/Extensions:/usr/lib/java"/>
    <property name="sun.boot.class.path" value="/Library/Java/JavaVirtualMachines/jdk1.7.0_45.jdk/Contents/Home/jre/lib/resources.jar:/Library/Java/JavaVirtualMachines/jdk1.7.0_45.jdk/Contents/Home/jre/lib/rt.jar:/Library/Java/JavaVirtualMachines/jdk1.7.0_45.jdk/Contents/Home/jre/lib/sunrsasign.jar:/Library/Java/JavaVirtualMachines/jdk1.7.0_45.jdk/Contents/Home/jre/lib/jsse.jar:/Library/Java/JavaVirtualMachines/jdk1.7.0_45.jdk/Contents/Home/jre/lib/jce.jar:/Library/Java/JavaVirtualMachines/jdk1.7.0_45.jdk/Contents/Home/jre/lib/charsets.jar:/Library/Java/JavaVirtualMachines/jdk1.7.0_45.jdk/Contents/Home/jre/lib/jfr.jar:/Library/Java/JavaVirtualMachines/jdk1.7.0_45.jdk/Contents/Home/jre/lib/JObjC.jar:/Library/Java/JavaVirtualMachines/jdk1.7.0_45.jdk/Contents/Home/jre/classes"/>
    <property name="java.vendor" value="Oracle Corporation"/>
    <property name="maven.home" value="/usr/local/Cellar/maven/3.1.1/libexec"/>
    <property name="file.separator" value="/"/>
    <property name="java.vendor.url.bug" value="http://bugreport.sun.com/bugreport/"/>
    <property name="sun.cpu.endian" value="little"/>
    <property name="sun.io.unicode.encoding" value="UnicodeBig"/>
    <property name="socksNonProxyHosts" value="local|*.local|169.254/16|*.169.254/16"/>
    <property name="ftp.nonProxyHosts" value="local|*.local|169.254/16|*.169.254/16"/>
    <property name="sun.cpu.isalist" value=""/>
  </properties>
  <testcase name="testConstructors" classname="gnu.trove.map.hash.THashMapTest" time="0.007"/>
  <testcase name="testValues" classname="gnu.trove.map.hash.THashMapTest" time="0.001"/>
  <testcase name="testEquals" classname="gnu.trove.map.hash.THashMapTest" time="0"/>
  <testcase name="testContainsKey" classname="gnu.trove.map.hash.THashMapTest" time="0"/>
  <testcase name="testContainsValue" classname="gnu.trove.map.hash.THashMapTest" time="0"/>
  <testcase name="testPutIfAbsent" classname="gnu.trove.map.hash.THashMapTest" time="0.001"/>
  <testcase name="testClear" classname="gnu.trove.map.hash.THashMapTest" time="0"/>
  <testcase name="testKeySet" classname="gnu.trove.map.hash.THashMapTest" time="0.001"/>
  <testcase name="testToString" classname="gnu.trove.map.hash.THashMapTest" time="0.001"/>
  <testcase name="testGet" classname="gnu.trove.map.hash.THashMapTest" time="0"/>
  <testcase name="testPutAll" classname="gnu.trove.map.hash.THashMapTest" time="0.001"/>
  <testcase name="testHashCode" classname="gnu.trove.map.hash.THashMapTest" time="0.001"/>
  <testcase name="testContains" classname="gnu.trove.map.hash.THashMapTest" time="0"/>
  <testcase name="testPut" classname="gnu.trove.map.hash.THashMapTest" time="0"/>
  <testcase name="testForEachKey" classname="gnu.trove.map.hash.THashMapTest" time="0.001"/>
  <testcase name="testForEachKeyFalse" classname="gnu.trove.map.hash.THashMapTest" time="0.001"/>
  <testcase name="testForEachValue" classname="gnu.trove.map.hash.THashMapTest" time="0.001"/>
  <testcase name="testForEachValueFalse" classname="gnu.trove.map.hash.THashMapTest" time="0.001"/>
  <testcase name="testForEachEntry" classname="gnu.trove.map.hash.THashMapTest" time="0.001"/>
  <testcase name="testForEachEntryInterrupt" classname="gnu.trove.map.hash.THashMapTest" time="0.001"/>
  <testcase name="testTransformValues" classname="gnu.trove.map.hash.THashMapTest" time="0.001"/>
  <testcase name="testKeyIterator" classname="gnu.trove.map.hash.THashMapTest" time="0"/>
  <testcase name="testContainsNullValue" classname="gnu.trove.map.hash.THashMapTest" time="0"/>
  <testcase name="testEntrySetContainsEntryWithNullValue" classname="gnu.trove.map.hash.THashMapTest" time="0"/>
  <testcase name="testValueSetRemoveNullValue" classname="gnu.trove.map.hash.THashMapTest" time="0"/>
  <testcase name="testSizeAfterEntrySetRemove" classname="gnu.trove.map.hash.THashMapTest" time="0"/>
  <testcase name="testEntrySetRemoveSameKeyDifferentValues" classname="gnu.trove.map.hash.THashMapTest" time="0"/>
  <testcase name="testSizeAfterMultipleReplacingPuts" classname="gnu.trove.map.hash.THashMapTest" time="0"/>
  <testcase name="testSerializable" classname="gnu.trove.map.hash.THashMapTest" time="0.001"/>
  <testcase name="testRetainEntries" classname="gnu.trove.map.hash.THashMapTest" time="0.001"/>
  <testcase name="testBadlyWrittenKey" classname="gnu.trove.map.hash.THashMapTest" time="0.002"/>
  <testcase name="testKeySetEqualsEquivalentSet" classname="gnu.trove.map.hash.THashMapTest" time="0"/>
  <testcase name="testNullValue" classname="gnu.trove.map.hash.THashMapTest" time="0.001"/>
  <testcase name="testNullValueSize" classname="gnu.trove.map.hash.THashMapTest" time="0"/>
  <testcase name="testNullKey" classname="gnu.trove.map.hash.THashMapTest" time="0"/>
  <testcase name="testRetainEntrySet" classname="gnu.trove.map.hash.THashMapTest" time="0"/>
  <testcase name="testMapEntrySetHashCode" classname="gnu.trove.map.hash.THashMapTest" time="0"/>
  <testcase name="testEqualsAndHashCode" classname="gnu.trove.map.hash.THashMapTest" time="0"/>
  <testcase name="testRemoveValue" classname="gnu.trove.map.hash.THashMapTest" time="0"/>
  <testcase name="testProblematicRemove" classname="gnu.trove.map.hash.THashMapTest" time="0.003"/>
  <testcase name="testIterable" classname="gnu.trove.map.hash.THashMapTest" time="0"/>
  <testcase name="testKeysFunctions" classname="gnu.trove.map.hash.THashMapTest" time="0"/>
  <testcase name="testValuesFunctions" classname="gnu.trove.map.hash.THashMapTest" time="0"/>
  <testcase name="testValuesToArray" classname="gnu.trove.map.hash.THashMapTest" time="0"/>
  <testcase name="testIteratorFunctions" classname="gnu.trove.map.hash.THashMapTest" time="0"/>
  <testcase name="testEntrySetFunctions" classname="gnu.trove.map.hash.THashMapTest" time="0"/>
  <testcase name="testEntrySetToString" classname="gnu.trove.map.hash.THashMapTest" time="0"/>
  <testcase name="testKeySetToString" classname="gnu.trove.map.hash.THashMapTest" time="0"/>
  <testcase name="testValuesToString" classname="gnu.trove.map.hash.THashMapTest" time="0.001"/>
  <testcase name="testRemovedSlotPruning" classname="gnu.trove.map.hash.THashMapTest" time="0"/>
  <testcase name="testFreeSlotCounterConsistency" classname="gnu.trove.map.hash.THashMapTest" time="0.001"/>
  <testcase name="testEntrySetRemove" classname="gnu.trove.map.hash.THashMapTest" time="0"/>
  <testcase name="testNullKeyHandling" classname="gnu.trove.map.hash.THashMapTest" time="0.001"/>
</testsuite>