<?xml version="1.0" encoding="UTF-8"?>
<testsuite name="gnu.trove.decorator.TPrimitivePrimitiveMapDecoratorTest" time="0.53" tests="29" errors="0" skipped="0" failures="0">
  <properties>
    <property name="java.runtime.name" value="Java(TM) SE Runtime Environment"/>
    <property name="sun.boot.library.path" value="/Library/Java/JavaVirtualMachines/jdk1.7.0_45.jdk/Contents/Home/jre/lib"/>
    <property name="java.vm.version" value="24.45-b08"/>
    <property name="user.country.format" value="DE"/>
    <property name="gopherProxySet" value="false"/>
    <property name="java.vm.vendor" value="Oracle Corporation"/>
    <property name="java.vendor.url" value="http://java.oracle.com/"/>
    <property name="path.separator" value=":"/>
    <property name="guice.disable.misplaced.annotation.check" value="true"/>
    <property name="java.vm.name" value="Java HotSpot(TM) 64-Bit Server VM"/>
    <property name="file.encoding.pkg" value="sun.io"/>
    <property name="user.country" value="US"/>
    <property name="sun.java.launcher" value="SUN_STANDARD"/>
    <property name="sun.os.patch.level" value="unknown"/>
    <property name="java.vm.specification.name" value="Java Virtual Machine Specification"/>
    <property name="user.dir" value="/Users/bt230530/Desktop/GH/graphhopper-ios/trove"/>
    <property name="java.runtime.version" value="1.7.0_45-b18"/>
    <property name="java.awt.graphicsenv" value="sun.awt.CGraphicsEnvironment"/>
    <property name="java.endorsed.dirs" value="/Library/Java/JavaVirtualMachines/jdk1.7.0_45.jdk/Contents/Home/jre/lib/endorsed"/>
    <property name="os.arch" value="x86_64"/>
    <property name="java.io.tmpdir" value="/var/folders/nw/dtqzqn5s7_1gcw93fj7qhj_h0000gn/T/"/>
    <property name="line.separator" value="&#10;"/>
    <property name="java.vm.specification.vendor" value="Oracle Corporation"/>
    <property name="os.name" value="Mac OS X"/>
    <property name="classworlds.conf" value="/usr/local/Cellar/maven/3.1.1/libexec/bin/m2.conf"/>
    <property name="sun.jnu.encoding" value="UTF-8"/>
    <property name="java.library.path" value="/Users/bt230530/Library/Java/Extensions:/Library/Java/Extensions:/Network/Library/Java/Extensions:/System/Library/Java/Extensions:/usr/lib/java:."/>
    <property name="java.specification.name" value="Java Platform API Specification"/>
    <property name="java.class.version" value="51.0"/>
    <property name="sun.management.compiler" value="HotSpot 64-Bit Tiered Compilers"/>
    <property name="os.version" value="10.9"/>
    <property name="http.nonProxyHosts" value="local|*.local|169.254/16|*.169.254/16"/>
    <property name="user.home" value="/Users/bt230530"/>
    <property name="user.timezone" value="Europe/Berlin"/>
    <property name="java.awt.printerjob" value="sun.lwawt.macosx.CPrinterJob"/>
    <property name="java.specification.version" value="1.7"/>
    <property name="file.encoding" value="UTF-8"/>
    <property name="user.name" value="bt230530"/>
    <property name="java.class.path" value="/usr/local/Cellar/maven/3.1.1/libexec/boot/plexus-classworlds-2.5.1.jar"/>
    <property name="org.slf4j.simpleLogger.defaultLogLevel" value="info"/>
    <property name="java.vm.specification.version" value="1.7"/>
    <property name="sun.arch.data.model" value="64"/>
    <property name="java.home" value="/Library/Java/JavaVirtualMachines/jdk1.7.0_45.jdk/Contents/Home/jre"/>
    <property name="sun.java.command" value="org.codehaus.plexus.classworlds.launcher.Launcher package"/>
    <property name="java.specification.vendor" value="Oracle Corporation"/>
    <property name="user.language" value="en"/>
    <property name="awt.toolkit" value="sun.lwawt.macosx.LWCToolkit"/>
    <property name="java.vm.info" value="mixed mode"/>
    <property name="java.version" value="1.7.0_45"/>
    <property name="java.ext.dirs" value="/Users/bt230530/Library/Java/Extensions:/Library/Java/JavaVirtualMachines/jdk1.7.0_45.jdk/Contents/Home/jre/lib/ext:/Library/Java/Extensions:/Network/Library/Java/Extensions:/System/Library/Java/Extensions:/usr/lib/java"/>
    <property name="sun.boot.class.path" value="/Library/Java/JavaVirtualMachines/jdk1.7.0_45.jdk/Contents/Home/jre/lib/resources.jar:/Library/Java/JavaVirtualMachines/jdk1.7.0_45.jdk/Contents/Home/jre/lib/rt.jar:/Library/Java/JavaVirtualMachines/jdk1.7.0_45.jdk/Contents/Home/jre/lib/sunrsasign.jar:/Library/Java/JavaVirtualMachines/jdk1.7.0_45.jdk/Contents/Home/jre/lib/jsse.jar:/Library/Java/JavaVirtualMachines/jdk1.7.0_45.jdk/Contents/Home/jre/lib/jce.jar:/Library/Java/JavaVirtualMachines/jdk1.7.0_45.jdk/Contents/Home/jre/lib/charsets.jar:/Library/Java/JavaVirtualMachines/jdk1.7.0_45.jdk/Contents/Home/jre/lib/jfr.jar:/Library/Java/JavaVirtualMachines/jdk1.7.0_45.jdk/Contents/Home/jre/lib/JObjC.jar:/Library/Java/JavaVirtualMachines/jdk1.7.0_45.jdk/Contents/Home/jre/classes"/>
    <property name="java.vendor" value="Oracle Corporation"/>
    <property name="maven.home" value="/usr/local/Cellar/maven/3.1.1/libexec"/>
    <property name="file.separator" value="/"/>
    <property name="java.vendor.url.bug" value="http://bugreport.sun.com/bugreport/"/>
    <property name="sun.cpu.endian" value="little"/>
    <property name="sun.io.unicode.encoding" value="UnicodeBig"/>
    <property name="socksNonProxyHosts" value="local|*.local|169.254/16|*.169.254/16"/>
    <property name="ftp.nonProxyHosts" value="local|*.local|169.254/16|*.169.254/16"/>
    <property name="sun.cpu.isalist" value=""/>
  </properties>
  <testcase name="testConstructors" classname="gnu.trove.decorator.TPrimitivePrimitiveMapDecoratorTest" time="0.014"/>
  <testcase name="testKeys" classname="gnu.trove.decorator.TPrimitivePrimitiveMapDecoratorTest" time="0.002"/>
  <testcase name="testValueCollectionContainsAll" classname="gnu.trove.decorator.TPrimitivePrimitiveMapDecoratorTest" time="0"/>
  <testcase name="testValueCollectionRetainAllCollection" classname="gnu.trove.decorator.TPrimitivePrimitiveMapDecoratorTest" time="0.001"/>
  <testcase name="testValueCollectionRemoveAllCollection" classname="gnu.trove.decorator.TPrimitivePrimitiveMapDecoratorTest" time="0"/>
  <testcase name="testValues" classname="gnu.trove.decorator.TPrimitivePrimitiveMapDecoratorTest" time="0.002"/>
  <testcase name="testEntrySet" classname="gnu.trove.decorator.TPrimitivePrimitiveMapDecoratorTest" time="0.001"/>
  <testcase name="testEquals" classname="gnu.trove.decorator.TPrimitivePrimitiveMapDecoratorTest" time="0.006"/>
  <testcase name="testSerialize" classname="gnu.trove.decorator.TPrimitivePrimitiveMapDecoratorTest" time="0.004"/>
  <testcase name="testRemove" classname="gnu.trove.decorator.TPrimitivePrimitiveMapDecoratorTest" time="0"/>
  <testcase name="testClear" classname="gnu.trove.decorator.TPrimitivePrimitiveMapDecoratorTest" time="0"/>
  <testcase name="testToString" classname="gnu.trove.decorator.TPrimitivePrimitiveMapDecoratorTest" time="0"/>
  <testcase name="testGet" classname="gnu.trove.decorator.TPrimitivePrimitiveMapDecoratorTest" time="0"/>
  <testcase name="testPutAll" classname="gnu.trove.decorator.TPrimitivePrimitiveMapDecoratorTest" time="0.002"/>
  <testcase name="testRehash" classname="gnu.trove.decorator.TPrimitivePrimitiveMapDecoratorTest" time="0.496"/>
  <testcase name="testKeySetMisc" classname="gnu.trove.decorator.TPrimitivePrimitiveMapDecoratorTest" time="0"/>
  <testcase name="testKeySetContainsAll" classname="gnu.trove.decorator.TPrimitivePrimitiveMapDecoratorTest" time="0"/>
  <testcase name="testKeySetAddAll" classname="gnu.trove.decorator.TPrimitivePrimitiveMapDecoratorTest" time="0"/>
  <testcase name="testKeySetRetainAllCollection" classname="gnu.trove.decorator.TPrimitivePrimitiveMapDecoratorTest" time="0.001"/>
  <testcase name="testKeySetRemoveAllCollection" classname="gnu.trove.decorator.TPrimitivePrimitiveMapDecoratorTest" time="0"/>
  <testcase name="testKeySetEquals" classname="gnu.trove.decorator.TPrimitivePrimitiveMapDecoratorTest" time="0"/>
  <testcase name="testKeySetHashCode" classname="gnu.trove.decorator.TPrimitivePrimitiveMapDecoratorTest" time="0"/>
  <testcase name="testKeySetIterator" classname="gnu.trove.decorator.TPrimitivePrimitiveMapDecoratorTest" time="0"/>
  <testcase name="testValueCollectionMisc" classname="gnu.trove.decorator.TPrimitivePrimitiveMapDecoratorTest" time="0"/>
  <testcase name="testValueCollectionAddAll" classname="gnu.trove.decorator.TPrimitivePrimitiveMapDecoratorTest" time="0"/>
  <testcase name="testValueCollectionIterator" classname="gnu.trove.decorator.TPrimitivePrimitiveMapDecoratorTest" time="0.001"/>
  <testcase name="testHashCode" classname="gnu.trove.decorator.TPrimitivePrimitiveMapDecoratorTest" time="0"/>
  <testcase name="testBug3432212A" classname="gnu.trove.decorator.TPrimitivePrimitiveMapDecoratorTest" time="0"/>
  <testcase name="testBug3432212B" classname="gnu.trove.decorator.TPrimitivePrimitiveMapDecoratorTest" time="0"/>
</testsuite>